<?xml version="1.0" encoding="UTF-8"?>
<testng-results ignored="0" total="2" passed="2" failed="0" skipped="0">
  <reporter-output>
  </reporter-output>
  <suite started-at="2022-01-15T23:18:16 IST" name="Suite" finished-at="2022-01-15T23:18:39 IST" duration-ms="23092">
    <groups>
    </groups>
    <test started-at="2022-01-15T23:18:16 IST" name="TestChrome" finished-at="2022-01-15T23:18:27 IST" duration-ms="10917">
      <class name="com.lm.testcases.TC_LoginTest_001">
        <test-method is-config="true" signature="setup(java.lang.String)[pri:0, instance:com.lm.testcases.TC_LoginTest_001@3e77a1ed]" started-at="2022-01-15T23:18:17 IST" name="setup" finished-at="2022-01-15T23:18:20 IST" duration-ms="3550" status="PASS">
          <params>
            <param index="0">
              <value>
                <![CDATA[Chrome]]>
              </value>
            </param>
          </params>
          <reporter-output>
          </reporter-output>
        </test-method> <!-- setup -->
        <test-method signature="loginTest()[pri:0, instance:com.lm.testcases.TC_LoginTest_001@3e77a1ed]" started-at="2022-01-15T23:18:20 IST" name="loginTest" finished-at="2022-01-15T23:18:27 IST" duration-ms="6893" status="PASS">
          <reporter-output>
          </reporter-output>
        </test-method> <!-- loginTest -->
        <test-method is-config="true" signature="teardown()[pri:0, instance:com.lm.testcases.TC_LoginTest_001@3e77a1ed]" started-at="2022-01-15T23:18:27 IST" name="teardown" finished-at="2022-01-15T23:18:27 IST" duration-ms="251" status="PASS">
          <reporter-output>
          </reporter-output>
        </test-method> <!-- teardown -->
      </class> <!-- com.lm.testcases.TC_LoginTest_001 -->
    </test> <!-- TestChrome -->
    <test started-at="2022-01-15T23:18:28 IST" name="TestFireFox" finished-at="2022-01-15T23:18:39 IST" duration-ms="11546">
      <class name="com.lm.testcases.TC_LoginTest_001">
        <test-method is-config="true" signature="setup(java.lang.String)[pri:0, instance:com.lm.testcases.TC_LoginTest_001@221af3c0]" started-at="2022-01-15T23:18:28 IST" name="setup" finished-at="2022-01-15T23:18:31 IST" duration-ms="3405" status="PASS">
          <params>
            <param index="0">
              <value>
                <![CDATA[FireFox]]>
              </value>
            </param>
          </params>
          <reporter-output>
          </reporter-output>
        </test-method> <!-- setup -->
        <test-method signature="loginTest()[pri:0, instance:com.lm.testcases.TC_LoginTest_001@221af3c0]" started-at="2022-01-15T23:18:31 IST" name="loginTest" finished-at="2022-01-15T23:18:39 IST" duration-ms="7286" status="PASS">
          <reporter-output>
          </reporter-output>
        </test-method> <!-- loginTest -->
        <test-method is-config="true" signature="teardown()[pri:0, instance:com.lm.testcases.TC_LoginTest_001@221af3c0]" started-at="2022-01-15T23:18:39 IST" name="teardown" finished-at="2022-01-15T23:18:39 IST" duration-ms="845" status="PASS">
          <reporter-output>
          </reporter-output>
        </test-method> <!-- teardown -->
      </class> <!-- com.lm.testcases.TC_LoginTest_001 -->
    </test> <!-- TestFireFox -->
  </suite> <!-- Suite -->
</testng-results>
