<?xml version="1.0" encoding="UTF-8"?>
<testng-results ignored="0" total="2" passed="2" failed="0" skipped="0">
  <reporter-output>
  </reporter-output>
  <suite started-at="2022-01-14T23:09:32 IST" name="Suite" finished-at="2022-01-14T23:09:50 IST" duration-ms="18299">
    <groups>
    </groups>
    <test started-at="2022-01-14T23:09:32 IST" name="TestChrome" finished-at="2022-01-14T23:09:41 IST" duration-ms="8956">
      <class name="com.lm.testcases.TC_LoginTest_001">
        <test-method is-config="true" signature="setup(java.lang.String)[pri:0, instance:com.lm.testcases.TC_LoginTest_001@3e77a1ed]" started-at="2022-01-14T23:09:32 IST" name="setup" finished-at="2022-01-14T23:09:34 IST" duration-ms="2167" status="PASS">
          <params>
            <param index="0">
              <value>
                <![CDATA[Chrome]]>
              </value>
            </param>
          </params>
          <reporter-output>
          </reporter-output>
        </test-method> <!-- setup -->
        <test-method signature="loginTest()[pri:0, instance:com.lm.testcases.TC_LoginTest_001@3e77a1ed]" started-at="2022-01-14T23:09:34 IST" name="loginTest" finished-at="2022-01-14T23:09:40 IST" duration-ms="6452" status="PASS">
          <reporter-output>
          </reporter-output>
        </test-method> <!-- loginTest -->
        <test-method is-config="true" signature="teardown()[pri:0, instance:com.lm.testcases.TC_LoginTest_001@3e77a1ed]" started-at="2022-01-14T23:09:40 IST" name="teardown" finished-at="2022-01-14T23:09:41 IST" duration-ms="178" status="PASS">
          <reporter-output>
          </reporter-output>
        </test-method> <!-- teardown -->
      </class> <!-- com.lm.testcases.TC_LoginTest_001 -->
    </test> <!-- TestChrome -->
    <test started-at="2022-01-14T23:09:41 IST" name="TestFireFox" finished-at="2022-01-14T23:09:50 IST" duration-ms="8752">
      <class name="com.lm.testcases.TC_LoginTest_001">
        <test-method is-config="true" signature="setup(java.lang.String)[pri:0, instance:com.lm.testcases.TC_LoginTest_001@221af3c0]" started-at="2022-01-14T23:09:41 IST" name="setup" finished-at="2022-01-14T23:09:43 IST" duration-ms="2199" status="PASS">
          <params>
            <param index="0">
              <value>
                <![CDATA[FireFox]]>
              </value>
            </param>
          </params>
          <reporter-output>
          </reporter-output>
        </test-method> <!-- setup -->
        <test-method signature="loginTest()[pri:0, instance:com.lm.testcases.TC_LoginTest_001@221af3c0]" started-at="2022-01-14T23:09:43 IST" name="loginTest" finished-at="2022-01-14T23:09:49 IST" duration-ms="5857" status="PASS">
          <reporter-output>
          </reporter-output>
        </test-method> <!-- loginTest -->
        <test-method is-config="true" signature="teardown()[pri:0, instance:com.lm.testcases.TC_LoginTest_001@221af3c0]" started-at="2022-01-14T23:09:49 IST" name="teardown" finished-at="2022-01-14T23:09:50 IST" duration-ms="683" status="PASS">
          <reporter-output>
          </reporter-output>
        </test-method> <!-- teardown -->
      </class> <!-- com.lm.testcases.TC_LoginTest_001 -->
    </test> <!-- TestFireFox -->
  </suite> <!-- Suite -->
</testng-results>
